Server starting on http://127.0.0.1:8080/terminal.html
Server Running on port 8080 (Ctrl+Cֹͣ)
[init] datahub unavailable, using sina fallback
[Scheduler] started
[init] scheduler started
[Scheduler] refresh completed: realtime @ 2026-06-26 09:38:40
[Scheduler] refresh completed: realtime @ 2026-06-26 09:48:46
[Scheduler] refresh completed: realtime @ 2026-06-26 09:58:38
[Scheduler] refresh completed: realtime @ 2026-06-26 10:08:36
[Scheduler] refresh completed: realtime @ 2026-06-26 10:18:33
[Scheduler] refresh completed: realtime @ 2026-06-26 10:28:38
[Scheduler] refresh completed: realtime @ 2026-06-26 10:38:34
[Scheduler] refresh completed: realtime @ 2026-06-26 10:48:33
[Scheduler] refresh completed: realtime @ 2026-06-26 10:58:32
[Scheduler] refresh completed: realtime @ 2026-06-26 11:08:33
[Scheduler] refresh completed: realtime @ 2026-06-26 11:18:32
[Scheduler] refresh completed: realtime @ 2026-06-26 11:28:32
[Scheduler] refresh completed: realtime @ 2026-06-26 11:38:32
[Scheduler] refresh completed: realtime @ 2026-06-26 11:48:32
[Scheduler] refresh completed: realtime @ 2026-06-26 11:58:34
[Scheduler] refresh completed: realtime @ 2026-06-26 12:08:33
[Scheduler] refresh completed: realtime @ 2026-06-26 12:18:31
[Scheduler] refresh completed: realtime @ 2026-06-26 12:28:31
[Scheduler] refresh completed: realtime @ 2026-06-26 12:38:31
[Scheduler] refresh completed: realtime @ 2026-06-26 12:48:31
[Scheduler] refresh completed: realtime @ 2026-06-26 12:58:32
[Scheduler] refresh completed: realtime @ 2026-06-26 13:08:32
[Scheduler] refresh completed: realtime @ 2026-06-26 13:18:39
[Scheduler] refresh completed: realtime @ 2026-06-26 13:28:41
[Scheduler] refresh completed: realtime @ 2026-06-26 13:38:32
[Scheduler] refresh completed: realtime @ 2026-06-26 13:48:34
[Scheduler] refresh completed: realtime @ 2026-06-26 13:58:33
[Scheduler] refresh completed: realtime @ 2026-06-26 14:08:33
[Scheduler] refresh completed: realtime @ 2026-06-26 14:18:32
[Scheduler] refresh completed: realtime @ 2026-06-26 14:28:32
[Scheduler] refresh completed: realtime @ 2026-06-26 14:38:32
[Scheduler] refresh completed: realtime @ 2026-06-26 14:48:33
